  RoadSignDetector.cpp
C:\opencv-3.2.0\build\include\opencv2/core/mat.hpp(2586): warning C4819: 현재 코드 페이지(949)에서 표시할 수 없는 문자가 파일에 들어 있습니다. 데이터가 손실되지 않게 하려면 해당 파일을 유니코드 형식으로 저장하십시오.
C:\opencv-3.2.0\build\include\opencv2/core/persistence.hpp : warning C4819: 현재 코드 페이지(949)에서 표시할 수 없는 문자가 파일에 들어 있습니다. 데이터가 손실되지 않게 하려면 해당 파일을 유니코드 형식으로 저장하십시오.
C:\opencv-3.2.0\build\include\opencv2/core/utility.hpp : warning C4819: 현재 코드 페이지(949)에서 표시할 수 없는 문자가 파일에 들어 있습니다. 데이터가 손실되지 않게 하려면 해당 파일을 유니코드 형식으로 저장하십시오.
C:\opencv-3.2.0\build\include\opencv2/core/utility.hpp : warning C4819: 현재 코드 페이지(949)에서 표시할 수 없는 문자가 파일에 들어 있습니다. 데이터가 손실되지 않게 하려면 해당 파일을 유니코드 형식으로 저장하십시오.
c:\opencv-3.2.0\build\include\opencv2\flann\dist.h : warning C4819: 현재 코드 페이지(949)에서 표시할 수 없는 문자가 파일에 들어 있습니다. 데이터가 손실되지 않게 하려면 해당 파일을 유니코드 형식으로 저장하십시오.
C:\opencv-3.2.0\build\include\opencv2/imgproc.hpp : warning C4819: 현재 코드 페이지(949)에서 표시할 수 없는 문자가 파일에 들어 있습니다. 데이터가 손실되지 않게 하려면 해당 파일을 유니코드 형식으로 저장하십시오.
C:\opencv-3.2.0\build\include\opencv2/imgproc.hpp(592): warning C4819: 현재 코드 페이지(949)에서 표시할 수 없는 문자가 파일에 들어 있습니다. 데이터가 손실되지 않게 하려면 해당 파일을 유니코드 형식으로 저장하십시오.
C:\opencv-3.2.0\build\include\opencv2/stitching/detail/motion_estimators.hpp : warning C4819: 현재 코드 페이지(949)에서 표시할 수 없는 문자가 파일에 들어 있습니다. 데이터가 손실되지 않게 하려면 해당 파일을 유니코드 형식으로 저장하십시오.
C:\opencv-3.2.0\build\include\opencv2/video/tracking.hpp(532): warning C4819: 현재 코드 페이지(949)에서 표시할 수 없는 문자가 파일에 들어 있습니다. 데이터가 손실되지 않게 하려면 해당 파일을 유니코드 형식으로 저장하십시오.
RoadSignDetector.cpp(234): warning C4244: '*=': 'double'에서 'float'(으)로 변환하면서 데이터가 손실될 수 있습니다.
RoadSignDetector.cpp(253): warning C4244: '*=': 'double'에서 'float'(으)로 변환하면서 데이터가 손실될 수 있습니다.
RoadSignDetector.cpp(173): warning C4101: 'B' :참조되지 않은 지역 변수입니다.
RoadSignDetector.cpp(173): warning C4101: 'R' :참조되지 않은 지역 변수입니다.
RoadSignDetector.cpp(173): warning C4101: 'G' :참조되지 않은 지역 변수입니다.
RoadSignDetector.cpp(292): warning C4267: '초기화 중': 'size_t'에서 'int'(으)로 변환하면서 데이터가 손실될 수 있습니다.
  코드를 생성하고 있습니다.
  24 of 1155 functions ( 2.1%) were compiled, the rest were copied from previous compilation.
    0 functions were new in current compilation
    31 functions had inline decision re-evaluated but remain unchanged
  코드를 생성했습니다.
  RoadSIgnDetector.vcxproj -> D:\Hayeon\Projects\RoadSignDetector\x64\Release\RoadSignDetector.exe
